[2023-01-13 04:06:12 : INFO] - Could not find file for image: blog_id=1, ID=254, file=/var/www/html/wp-content/uploads/2020/03/Twitter.png 
[2023-01-13 04:06:12 : INFO] - Could not find file for image: blog_id=1, ID=253, file=/var/www/html/wp-content/uploads/2020/03/YouTube.png 
[2023-01-13 04:06:12 : INFO] - Could not find file for image: blog_id=1, ID=252, file=/var/www/html/wp-content/uploads/2020/03/Linkedin.png 
[2023-01-13 04:06:12 : INFO] - Could not find file for image: blog_id=1, ID=251, file=/var/www/html/wp-content/uploads/2020/03/Github.png 
[2023-01-13 04:06:12 : INFO] - Could not find file for image: blog_id=1, ID=215, file=/var/www/html/wp-content/uploads/2020/03/Raspberry-pi.svg 
[2023-01-13 04:06:12 : INFO] - Could not find file for image: blog_id=7, ID=11367, file=/var/www/html/wp-content/uploads/sites/7/2022/06/Code Contribution Work-Flow.drawio.png 
[2023-01-13 04:06:12 : INFO] - Could not find file for image: blog_id=7, ID=11366, file=/var/www/html/wp-content/uploads/sites/7/2022/06/SDK-system-flow.drawio.png 
[2023-01-13 04:06:12 : INFO] - Could not find file for image: blog_id=7, ID=11365, file=/var/www/html/wp-content/uploads/sites/7/2022/06/SDK-Development-Model.drawio.png 
[2023-01-13 04:06:12 : INFO] - Could not find file for image: blog_id=7, ID=11362, file=/var/www/html/wp-content/uploads/sites/7/2022/06/SRC_URI-VS-EXTERNAL-SRC.drawio.png 
[2023-01-13 04:06:28 : INFO] - Could not find file for image: blog_id=1, ID=254, file=/var/www/html/wp-content/uploads/2020/03/Twitter.png 
[2023-01-13 04:06:28 : INFO] - Could not find file for image: blog_id=1, ID=253, file=/var/www/html/wp-content/uploads/2020/03/YouTube.png 
[2023-01-13 04:06:28 : INFO] - Could not find file for image: blog_id=1, ID=252, file=/var/www/html/wp-content/uploads/2020/03/Linkedin.png 
[2023-01-13 04:06:28 : INFO] - Could not find file for image: blog_id=1, ID=251, file=/var/www/html/wp-content/uploads/2020/03/Github.png 
[2023-01-13 04:06:28 : INFO] - Could not find file for image: blog_id=1, ID=215, file=/var/www/html/wp-content/uploads/2020/03/Raspberry-pi.svg 
[2023-01-13 04:06:28 : INFO] - Could not find file for image: blog_id=7, ID=11367, file=/var/www/html/wp-content/uploads/sites/7/2022/06/Code Contribution Work-Flow.drawio.png 
[2023-01-13 04:06:28 : INFO] - Could not find file for image: blog_id=7, ID=11366, file=/var/www/html/wp-content/uploads/sites/7/2022/06/SDK-system-flow.drawio.png 
[2023-01-13 04:06:28 : INFO] - Could not find file for image: blog_id=7, ID=11365, file=/var/www/html/wp-content/uploads/sites/7/2022/06/SDK-Development-Model.drawio.png 
[2023-01-13 04:06:28 : INFO] - Could not find file for image: blog_id=7, ID=11362, file=/var/www/html/wp-content/uploads/sites/7/2022/06/SRC_URI-VS-EXTERNAL-SRC.drawio.png 
[2023-01-13 04:06:39 : INFO] - Could not find file for image: blog_id=1, ID=254, file=/var/www/html/wp-content/uploads/2020/03/Twitter.png 
[2023-01-13 04:06:39 : INFO] - Could not find file for image: blog_id=1, ID=253, file=/var/www/html/wp-content/uploads/2020/03/YouTube.png 
[2023-01-13 04:06:39 : INFO] - Could not find file for image: blog_id=1, ID=252, file=/var/www/html/wp-content/uploads/2020/03/Linkedin.png 
[2023-01-13 04:06:39 : INFO] - Could not find file for image: blog_id=1, ID=251, file=/var/www/html/wp-content/uploads/2020/03/Github.png 
[2023-01-13 04:06:39 : INFO] - Could not find file for image: blog_id=1, ID=215, file=/var/www/html/wp-content/uploads/2020/03/Raspberry-pi.svg 
[2023-01-13 04:06:39 : INFO] - Could not find file for image: blog_id=7, ID=11367, file=/var/www/html/wp-content/uploads/sites/7/2022/06/Code Contribution Work-Flow.drawio.png 
[2023-01-13 04:06:39 : INFO] - Could not find file for image: blog_id=7, ID=11366, file=/var/www/html/wp-content/uploads/sites/7/2022/06/SDK-system-flow.drawio.png 
[2023-01-13 04:06:39 : INFO] - Could not find file for image: blog_id=7, ID=11365, file=/var/www/html/wp-content/uploads/sites/7/2022/06/SDK-Development-Model.drawio.png 
[2023-01-13 04:06:39 : INFO] - Could not find file for image: blog_id=7, ID=11362, file=/var/www/html/wp-content/uploads/sites/7/2022/06/SRC_URI-VS-EXTERNAL-SRC.drawio.png 
[2023-01-13 04:06:43 : INFO] - Could not find file for image: blog_id=1, ID=254, file=/var/www/html/wp-content/uploads/2020/03/Twitter.png 
[2023-01-13 04:06:43 : INFO] - Could not find file for image: blog_id=1, ID=253, file=/var/www/html/wp-content/uploads/2020/03/YouTube.png 
[2023-01-13 04:06:43 : INFO] - Could not find file for image: blog_id=1, ID=252, file=/var/www/html/wp-content/uploads/2020/03/Linkedin.png 
[2023-01-13 04:06:43 : INFO] - Could not find file for image: blog_id=1, ID=251, file=/var/www/html/wp-content/uploads/2020/03/Github.png 
[2023-01-13 04:06:43 : INFO] - Could not find file for image: blog_id=1, ID=215, file=/var/www/html/wp-content/uploads/2020/03/Raspberry-pi.svg 
[2023-01-13 04:06:43 : INFO] - Could not find file for image: blog_id=7, ID=11367, file=/var/www/html/wp-content/uploads/sites/7/2022/06/Code Contribution Work-Flow.drawio.png 
[2023-01-13 04:06:43 : INFO] - Could not find file for image: blog_id=7, ID=11366, file=/var/www/html/wp-content/uploads/sites/7/2022/06/SDK-system-flow.drawio.png 
[2023-01-13 04:06:43 : INFO] - Could not find file for image: blog_id=7, ID=11365, file=/var/www/html/wp-content/uploads/sites/7/2022/06/SDK-Development-Model.drawio.png 
[2023-01-13 04:06:43 : INFO] - Could not find file for image: blog_id=7, ID=11362, file=/var/www/html/wp-content/uploads/sites/7/2022/06/SRC_URI-VS-EXTERNAL-SRC.drawio.png 
[2023-01-13 04:06:53 : INFO] - Could not find file for image: blog_id=1, ID=254, file=/var/www/html/wp-content/uploads/2020/03/Twitter.png 
[2023-01-13 04:06:53 : INFO] - Could not find file for image: blog_id=1, ID=253, file=/var/www/html/wp-content/uploads/2020/03/YouTube.png 
[2023-01-13 04:06:53 : INFO] - Could not find file for image: blog_id=1, ID=252, file=/var/www/html/wp-content/uploads/2020/03/Linkedin.png 
[2023-01-13 04:06:53 : INFO] - Could not find file for image: blog_id=1, ID=251, file=/var/www/html/wp-content/uploads/2020/03/Github.png 
[2023-01-13 04:06:53 : INFO] - Could not find file for image: blog_id=1, ID=215, file=/var/www/html/wp-content/uploads/2020/03/Raspberry-pi.svg 
[2023-01-13 04:06:53 : INFO] - Could not find file for image: blog_id=7, ID=11367, file=/var/www/html/wp-content/uploads/sites/7/2022/06/Code Contribution Work-Flow.drawio.png 
[2023-01-13 04:06:53 : INFO] - Could not find file for image: blog_id=7, ID=11366, file=/var/www/html/wp-content/uploads/sites/7/2022/06/SDK-system-flow.drawio.png 
[2023-01-13 04:06:53 : INFO] - Could not find file for image: blog_id=7, ID=11365, file=/var/www/html/wp-content/uploads/sites/7/2022/06/SDK-Development-Model.drawio.png 
[2023-01-13 04:06:53 : INFO] - Could not find file for image: blog_id=7, ID=11362, file=/var/www/html/wp-content/uploads/sites/7/2022/06/SRC_URI-VS-EXTERNAL-SRC.drawio.png 
